# JRE version: Java(TM) SE Runtime Environment (11.0.1+13) (build 11.0.1+13-LTS)
# Java VM: Java HotSpot(TM) 64-Bit Server VM (11.0.1+13-LTS, mixed mode, tiered, compressed oops, g1 gc, bsd-amd64)
Heap:
 garbage-first heap   total 289792K, used 285570K [0x00000007e0000000, 0x0000000800000000)
  region size 1024K, 43 young (44032K), 7 survivors (7168K)
 Metaspace       used 82073K, capacity 88454K, committed 90064K, reserved 1126400K
  class space    used 9769K, capacity 12852K, committed 13132K, reserved 1048576K
GC Heap History (10 events):
Event: 8.984 GC heap before
{Heap before GC invocations=19 (full 0):
 garbage-first heap   total 262144K, used 210852K [0x00000007e0000000, 0x0000000800000000)
  region size 1024K, 131 young (134144K), 11 survivors (11264K)
 Metaspace       used 74137K, capacity 79548K, committed 79824K, reserved 1118208K
  class space    used 8397K, capacity 11008K, committed 11084K, reserved 1048576K
}
Event: 8.994 GC heap after
{Heap after GC invocations=20 (full 0):
 garbage-first heap   total 262144K, used 92094K [0x00000007e0000000, 0x0000000800000000)
  region size 1024K, 13 young (13312K), 13 survivors (13312K)
 Metaspace       used 74137K, capacity 79548K, committed 79824K, reserved 1118208K
  class space    used 8397K, capacity 11008K, committed 11084K, reserved 1048576K
}
Event: 9.415 GC heap before
{Heap before GC invocations=20 (full 0):
 garbage-first heap   total 262144K, used 212926K [0x00000007e0000000, 0x0000000800000000)
  region size 1024K, 131 young (134144K), 13 survivors (13312K)
 Metaspace       used 76185K, capacity 82217K, committed 82512K, reserved 1120256K
  class space    used 8776K, capacity 11659K, committed 11724K, reserved 1048576K
}
Event: 9.431 GC heap after
{Heap after GC invocations=21 (full 0):
 garbage-first heap   total 262144K, used 98896K [0x00000007e0000000, 0x0000000800000000)
  region size 1024K, 15 young (15360K), 15 survivors (15360K)
 Metaspace       used 76185K, capacity 82217K, committed 82512K, reserved 1120256K
  class space    used 8776K, capacity 11659K, committed 11724K, reserved 1048576K
}
Event: 9.828 GC heap before
{Heap before GC invocations=21 (full 0):
 garbage-first heap   total 262144K, used 212560K [0x00000007e0000000, 0x0000000800000000)
  region size 1024K, 126 young (129024K), 15 survivors (15360K)
 Metaspace       used 78280K, capacity 84476K, committed 84688K, reserved 1122304K
  class space    used 9080K, capacity 12043K, committed 12108K, reserved 1048576K
}
Event: 9.840 GC heap after
{Heap after GC invocations=22 (full 0):
 garbage-first heap   total 262144K, used 101908K [0x00000007e0000000, 0x0000000800000000)
  region size 1024K, 12 young (12288K), 12 survivors (12288K)
 Metaspace       used 78280K, capacity 84476K, committed 84688K, reserved 1122304K
  class space    used 9080K, capacity 12043K, committed 12108K, reserved 1048576K
}
Event: 10.212 GC heap before
{Heap before GC invocations=22 (full 0):
 garbage-first heap   total 262144K, used 213524K [0x00000007e0000000, 0x0000000800000000)
  region size 1024K, 121 young (123904K), 12 survivors (12288K)
 Metaspace       used 81922K, capacity 88297K, committed 88656K, reserved 1126400K
  class space    used 9592K, capacity 12629K, committed 12748K, reserved 1048576K
}
Event: 10.218 GC heap after
{Heap after GC invocations=23 (full 0):
 garbage-first heap   total 262144K, used 101418K [0x00000007e0000000, 0x0000000800000000)
  region size 1024K, 6 young (6144K), 6 survivors (6144K)
 Metaspace       used 81922K, capacity 88297K, committed 88656K, reserved 1126400K
  class space    used 9592K, capacity 12629K, committed 12748K, reserved 1048576K
}
Event: 10.345 GC heap before
{Heap before GC invocations=23 (full 0):
 garbage-first heap   total 262144K, used 162858K [0x00000007e0000000, 0x0000000800000000)
  region size 1024K, 49 young (50176K), 6 survivors (6144K)
 Metaspace       used 82736K, capacity 89308K, committed 89424K, reserved 1126400K
  class space    used 9757K, capacity 12924K, committed 13004K, reserved 1048576K
}
Event: 10.353 GC heap after
{Heap after GC invocations=24 (full 0):
 garbage-first heap   total 262144K, used 120706K [0x00000007e0000000, 0x0000000800000000)
  region size 1024K, 7 young (7168K), 7 survivors (7168K)
 Metaspace       used 82736K, capacity 89308K, committed 89424K, reserved 1126400K
  class space    used 9757K, capacity 12924K, committed 13004K, reserved 1048576K
}

